{"C:\\Users\\Sergio\\Documents\\utn\\testingtask\\src\\models\\task.ts": {"path":"C:\\Users\\Sergio\\Documents\\utn\\testingtask\\src\\models\\task.ts","statementMap":{"0":{"start":{"line":5,"column":14},"end":{"line":5,"column":27}},"1":{"start":{"line":6,"column":14},"end":{"line":6,"column":34}},"2":{"start":{"line":7,"column":14},"end":{"line":7,"column":27}},"3":{"start":{"line":14,"column":4},"end":{"line":14,"column":19}},"4":{"start":{"line":18,"column":4},"end":{"line":18,"column":17}},"5":{"start":{"line":23,"column":4},"end":{"line":23,"column":22}},"6":{"start":{"line":27,"column":4},"end":{"line":27,"column":23}},"7":{"start":{"line":32,"column":4},"end":{"line":32,"column":25}},"8":{"start":{"line":36,"column":4},"end":{"line":36,"column":29}},"9":{"start":{"line":1,"column":0},"end":{"line":1,"column":13}}},"fnMap":{"0":{"name":"(anonymous_0)","decl":{"start":{"line":3,"column":2},"end":{"line":3,"column":null}},"loc":{"start":{"line":7,"column":29},"end":{"line":8,"column":6}}},"1":{"name":"(anonymous_1)","decl":{"start":{"line":13,"column":9},"end":{"line":13,"column":14}},"loc":{"start":{"line":13,"column":14},"end":{"line":15,"column":3}}},"2":{"name":"(anonymous_2)","decl":{"start":{"line":17,"column":9},"end":{"line":17,"column":14}},"loc":{"start":{"line":17,"column":25},"end":{"line":19,"column":3}}},"3":{"name":"(anonymous_3)","decl":{"start":{"line":22,"column":9},"end":{"line":22,"column":17}},"loc":{"start":{"line":22,"column":17},"end":{"line":24,"column":3}}},"4":{"name":"(anonymous_4)","decl":{"start":{"line":26,"column":9},"end":{"line":26,"column":17}},"loc":{"start":{"line":26,"column":31},"end":{"line":28,"column":3}}},"5":{"name":"(anonymous_5)","decl":{"start":{"line":31,"column":9},"end":{"line":31,"column":19}},"loc":{"start":{"line":31,"column":19},"end":{"line":33,"column":3}}},"6":{"name":"(anonymous_6)","decl":{"start":{"line":35,"column":9},"end":{"line":35,"column":20}},"loc":{"start":{"line":35,"column":38},"end":{"line":37,"column":3}}}},"branchMap":{"0":{"loc":{"start":{"line":6,"column":14},"end":{"line":6,"column":39}},"type":"default-arg","locations":[{"start":{"line":6,"column":34},"end":{"line":6,"column":39}}]},"1":{"loc":{"start":{"line":7,"column":14},"end":{"line":7,"column":29}},"type":"default-arg","locations":[{"start":{"line":7,"column":27},"end":{"line":7,"column":29}}]}},"s":{"0":7,"1":7,"2":7,"3":19,"4":6,"5":1,"6":1,"7":1,"8":1,"9":1},"f":{"0":7,"1":19,"2":6,"3":1,"4":1,"5":1,"6":1},"b":{"0":[7],"1":[7]}}
,"C:\\Users\\Sergio\\Documents\\utn\\testingtask\\src\\models\\implementations\\mockTask\\mockTask.ts": {"path":"C:\\Users\\Sergio\\Documents\\utn\\testingtask\\src\\models\\implementations\\mockTask\\mockTask.ts","statementMap":{"0":{"start":{"line":9,"column":4},"end":{"line":9,"column":14}},"1":{"start":{"line":10,"column":4},"end":{"line":10,"column":17}},"2":{"start":{"line":11,"column":4},"end":{"line":11,"column":39}},"3":{"start":{"line":14,"column":4},"end":{"line":25,"column":7}},"4":{"start":{"line":15,"column":30},"end":{"line":16,"column":null}},"5":{"start":{"line":16,"column":25},"end":{"line":16,"column":45}},"6":{"start":{"line":18,"column":6},"end":{"line":23,"column":7}},"7":{"start":{"line":19,"column":8},"end":{"line":19,"column":47}},"8":{"start":{"line":21,"column":9},"end":{"line":21,"column":41}},"9":{"start":{"line":22,"column":8},"end":{"line":22,"column":34}},"10":{"start":{"line":28,"column":4},"end":{"line":45,"column":7}},"11":{"start":{"line":29,"column":30},"end":{"line":30,"column":null}},"12":{"start":{"line":30,"column":23},"end":{"line":30,"column":43}},"13":{"start":{"line":33,"column":4},"end":{"line":43,"column":5}},"14":{"start":{"line":34,"column":6},"end":{"line":34,"column":45}},"15":{"start":{"line":36,"column":8},"end":{"line":40,"column":5}},"16":{"start":{"line":37,"column":6},"end":{"line":37,"column":41}},"17":{"start":{"line":39,"column":6},"end":{"line":39,"column":40}},"18":{"start":{"line":42,"column":4},"end":{"line":42,"column":30}},"19":{"start":{"line":51,"column":4},"end":{"line":63,"column":7}},"20":{"start":{"line":52,"column":30},"end":{"line":53,"column":null}},"21":{"start":{"line":53,"column":25},"end":{"line":53,"column":45}},"22":{"start":{"line":55,"column":6},"end":{"line":61,"column":7}},"23":{"start":{"line":56,"column":8},"end":{"line":56,"column":47}},"24":{"start":{"line":58,"column":9},"end":{"line":58,"column":41}},"25":{"start":{"line":59,"column":9},"end":{"line":59,"column":47}},"26":{"start":{"line":60,"column":8},"end":{"line":60,"column":34}},"27":{"start":{"line":66,"column":4},"end":{"line":66,"column":20}},"28":{"start":{"line":70,"column":4},"end":{"line":73,"column":6}},"29":{"start":{"line":71,"column":6},"end":{"line":71,"column":32}},"30":{"start":{"line":78,"column":4},"end":{"line":88,"column":7}},"31":{"start":{"line":79,"column":30},"end":{"line":81,"column":6}},"32":{"start":{"line":80,"column":6},"end":{"line":80,"column":33}},"33":{"start":{"line":82,"column":4},"end":{"line":86,"column":5}},"34":{"start":{"line":83,"column":6},"end":{"line":83,"column":34}},"35":{"start":{"line":85,"column":6},"end":{"line":85,"column":26}},"36":{"start":{"line":92,"column":3},"end":{"line":99,"column":6}},"37":{"start":{"line":93,"column":4},"end":{"line":93,"column":31}},"38":{"start":{"line":95,"column":4},"end":{"line":95,"column":31}},"39":{"start":{"line":96,"column":4},"end":{"line":96,"column":14}},"40":{"start":{"line":97,"column":4},"end":{"line":97,"column":15}},"41":{"start":{"line":98,"column":4},"end":{"line":98,"column":null}},"42":{"start":{"line":103,"column":4},"end":{"line":112,"column":null}},"43":{"start":{"line":104,"column":19},"end":{"line":104,"column":77}},"44":{"start":{"line":104,"column":58},"end":{"line":104,"column":76}},"45":{"start":{"line":105,"column":5},"end":{"line":110,"column":6}},"46":{"start":{"line":106,"column":8},"end":{"line":106,"column":57}},"47":{"start":{"line":108,"column":8},"end":{"line":108,"column":39}},"48":{"start":{"line":4,"column":0},"end":{"line":4,"column":13}},"49":{"start":{"line":117,"column":0},"end":{"line":117,"column":30}}},"fnMap":{"0":{"name":"(anonymous_0)","decl":{"start":{"line":8,"column":2},"end":{"line":8,"column":null}},"loc":{"start":{"line":8,"column":2},"end":{"line":12,"column":3}}},"1":{"name":"(anonymous_1)","decl":{"start":{"line":13,"column":2},"end":{"line":13,"column":14}},"loc":{"start":{"line":13,"column":40},"end":{"line":26,"column":3}}},"2":{"name":"(anonymous_2)","decl":{"start":{"line":14,"column":29},"end":{"line":14,"column":30}},"loc":{"start":{"line":14,"column":49},"end":{"line":25,"column":5}}},"3":{"name":"(anonymous_3)","decl":{"start":{"line":16,"column":8},"end":{"line":16,"column":9}},"loc":{"start":{"line":16,"column":25},"end":{"line":16,"column":45}}},"4":{"name":"(anonymous_4)","decl":{"start":{"line":27,"column":2},"end":{"line":27,"column":18}},"loc":{"start":{"line":27,"column":48},"end":{"line":48,"column":3}}},"5":{"name":"(anonymous_5)","decl":{"start":{"line":28,"column":30},"end":{"line":28,"column":31}},"loc":{"start":{"line":28,"column":48},"end":{"line":45,"column":5}}},"6":{"name":"(anonymous_6)","decl":{"start":{"line":30,"column":6},"end":{"line":30,"column":7}},"loc":{"start":{"line":30,"column":23},"end":{"line":30,"column":43}}},"7":{"name":"(anonymous_7)","decl":{"start":{"line":50,"column":2},"end":{"line":50,"column":10}},"loc":{"start":{"line":50,"column":55},"end":{"line":64,"column":3}}},"8":{"name":"(anonymous_8)","decl":{"start":{"line":51,"column":29},"end":{"line":51,"column":30}},"loc":{"start":{"line":51,"column":49},"end":{"line":63,"column":5}}},"9":{"name":"(anonymous_9)","decl":{"start":{"line":53,"column":8},"end":{"line":53,"column":9}},"loc":{"start":{"line":53,"column":25},"end":{"line":53,"column":45}}},"10":{"name":"(anonymous_10)","decl":{"start":{"line":65,"column":2},"end":{"line":65,"column":6}},"loc":{"start":{"line":65,"column":6},"end":{"line":67,"column":3}}},"11":{"name":"(anonymous_11)","decl":{"start":{"line":69,"column":2},"end":{"line":69,"column":10}},"loc":{"start":{"line":69,"column":10},"end":{"line":75,"column":3}}},"12":{"name":"(anonymous_12)","decl":{"start":{"line":70,"column":37},"end":{"line":70,"column":38}},"loc":{"start":{"line":70,"column":48},"end":{"line":72,"column":5}}},"13":{"name":"(anonymous_13)","decl":{"start":{"line":77,"column":2},"end":{"line":77,"column":9}},"loc":{"start":{"line":77,"column":20},"end":{"line":90,"column":3}}},"14":{"name":"(anonymous_14)","decl":{"start":{"line":78,"column":29},"end":{"line":78,"column":30}},"loc":{"start":{"line":78,"column":48},"end":{"line":88,"column":5}}},"15":{"name":"(anonymous_15)","decl":{"start":{"line":79,"column":50},"end":{"line":79,"column":51}},"loc":{"start":{"line":79,"column":65},"end":{"line":81,"column":5}}},"16":{"name":"(anonymous_16)","decl":{"start":{"line":91,"column":2},"end":{"line":91,"column":9}},"loc":{"start":{"line":91,"column":21},"end":{"line":101,"column":3}}},"17":{"name":"(anonymous_17)","decl":{"start":{"line":92,"column":28},"end":{"line":92,"column":29}},"loc":{"start":{"line":92,"column":39},"end":{"line":99,"column":4}}},"18":{"name":"(anonymous_18)","decl":{"start":{"line":102,"column":2},"end":{"line":102,"column":12}},"loc":{"start":{"line":102,"column":23},"end":{"line":115,"column":3}}},"19":{"name":"(anonymous_19)","decl":{"start":{"line":103,"column":23},"end":{"line":103,"column":24}},"loc":{"start":{"line":103,"column":42},"end":{"line":112,"column":5}}},"20":{"name":"(anonymous_20)","decl":{"start":{"line":104,"column":44},"end":{"line":104,"column":45}},"loc":{"start":{"line":104,"column":58},"end":{"line":104,"column":76}}}},"branchMap":{"0":{"loc":{"start":{"line":18,"column":6},"end":{"line":23,"column":7}},"type":"if","locations":[{"start":{"line":18,"column":6},"end":{"line":23,"column":7}},{"start":{"line":20,"column":11},"end":{"line":23,"column":7}}]},"1":{"loc":{"start":{"line":33,"column":4},"end":{"line":43,"column":5}},"type":"if","locations":[{"start":{"line":33,"column":4},"end":{"line":43,"column":5}},{"start":{"line":35,"column":9},"end":{"line":43,"column":5}}]},"2":{"loc":{"start":{"line":36,"column":8},"end":{"line":40,"column":5}},"type":"if","locations":[{"start":{"line":36,"column":8},"end":{"line":40,"column":5}},{"start":{"line":38,"column":11},"end":{"line":40,"column":5}}]},"3":{"loc":{"start":{"line":55,"column":6},"end":{"line":61,"column":7}},"type":"if","locations":[{"start":{"line":55,"column":6},"end":{"line":61,"column":7}},{"start":{"line":57,"column":11},"end":{"line":61,"column":7}}]},"4":{"loc":{"start":{"line":82,"column":4},"end":{"line":86,"column":5}},"type":"if","locations":[{"start":{"line":82,"column":4},"end":{"line":86,"column":5}},{"start":{"line":84,"column":9},"end":{"line":86,"column":5}}]},"5":{"loc":{"start":{"line":105,"column":5},"end":{"line":110,"column":6}},"type":"if","locations":[{"start":{"line":105,"column":5},"end":{"line":110,"column":6}},{"start":{"line":107,"column":10},"end":{"line":110,"column":6}}]}},"s":{"0":1,"1":1,"2":1,"3":1,"4":1,"5":2,"6":1,"7":0,"8":1,"9":1,"10":0,"11":0,"12":0,"13":0,"14":0,"15":0,"16":0,"17":0,"18":0,"19":0,"20":0,"21":0,"22":0,"23":0,"24":0,"25":0,"26":0,"27":0,"28":2,"29":2,"30":2,"31":2,"32":3,"33":2,"34":0,"35":2,"36":6,"37":6,"38":6,"39":6,"40":6,"41":6,"42":5,"43":5,"44":8,"45":5,"46":0,"47":5,"48":1,"49":1},"f":{"0":1,"1":1,"2":1,"3":2,"4":0,"5":0,"6":0,"7":0,"8":0,"9":0,"10":0,"11":2,"12":2,"13":2,"14":2,"15":3,"16":6,"17":6,"18":5,"19":5,"20":8},"b":{"0":[0,1],"1":[0,0],"2":[0,0],"3":[0,0],"4":[0,2],"5":[0,5]}}
,"C:\\Users\\Sergio\\Documents\\utn\\testingtask\\src\\services\\tasks.service.ts": {"path":"C:\\Users\\Sergio\\Documents\\utn\\testingtask\\src\\services\\tasks.service.ts","statementMap":{"0":{"start":{"line":3,"column":0},"end":{"line":3,"column":69}},"1":{"start":{"line":7,"column":8},"end":{"line":7,"column":36}},"2":{"start":{"line":10,"column":8},"end":{"line":10,"column":37}},"3":{"start":{"line":13,"column":7},"end":{"line":13,"column":39}},"4":{"start":{"line":16,"column":9},"end":{"line":16,"column":34}},"5":{"start":{"line":19,"column":7},"end":{"line":19,"column":47}},"6":{"start":{"line":22,"column":8},"end":{"line":22,"column":55}},"7":{"start":{"line":25,"column":7},"end":{"line":25,"column":52}},"8":{"start":{"line":28,"column":8},"end":{"line":28,"column":32}},"9":{"start":{"line":32,"column":0},"end":{"line":32,"column":33}}},"fnMap":{"0":{"name":"(anonymous_1)","decl":{"start":{"line":6,"column":4},"end":{"line":6,"column":12}},"loc":{"start":{"line":6,"column":12},"end":{"line":8,"column":5}}},"1":{"name":"(anonymous_2)","decl":{"start":{"line":9,"column":4},"end":{"line":9,"column":11}},"loc":{"start":{"line":9,"column":22},"end":{"line":11,"column":5}}},"2":{"name":"(anonymous_3)","decl":{"start":{"line":12,"column":4},"end":{"line":12,"column":11}},"loc":{"start":{"line":12,"column":23},"end":{"line":14,"column":5}}},"3":{"name":"(anonymous_4)","decl":{"start":{"line":15,"column":4},"end":{"line":15,"column":14}},"loc":{"start":{"line":15,"column":25},"end":{"line":17,"column":5}}},"4":{"name":"(anonymous_5)","decl":{"start":{"line":18,"column":4},"end":{"line":18,"column":16}},"loc":{"start":{"line":18,"column":42},"end":{"line":20,"column":5}}},"5":{"name":"(anonymous_6)","decl":{"start":{"line":21,"column":4},"end":{"line":21,"column":20}},"loc":{"start":{"line":21,"column":50},"end":{"line":23,"column":5}}},"6":{"name":"(anonymous_7)","decl":{"start":{"line":24,"column":4},"end":{"line":24,"column":12}},"loc":{"start":{"line":24,"column":57},"end":{"line":26,"column":5}}},"7":{"name":"(anonymous_8)","decl":{"start":{"line":27,"column":4},"end":{"line":27,"column":8}},"loc":{"start":{"line":27,"column":8},"end":{"line":29,"column":5}}}},"branchMap":{},"s":{"0":1,"1":2,"2":2,"3":6,"4":5,"5":1,"6":0,"7":0,"8":0,"9":1},"f":{"0":2,"1":2,"2":6,"3":5,"4":1,"5":0,"6":0,"7":0},"b":{}}
}
