TN:
SF:src\models\task.ts
FN:3,(anonymous_0)
FN:13,(anonymous_1)
FN:17,(anonymous_2)
FN:22,(anonymous_3)
FN:26,(anonymous_4)
FN:31,(anonymous_5)
FN:35,(anonymous_6)
FNF:7
FNH:7
FNDA:7,(anonymous_0)
FNDA:19,(anonymous_1)
FNDA:6,(anonymous_2)
FNDA:1,(anonymous_3)
FNDA:1,(anonymous_4)
FNDA:1,(anonymous_5)
FNDA:1,(anonymous_6)
DA:1,1
DA:5,7
DA:6,7
DA:7,7
DA:14,19
DA:18,6
DA:23,1
DA:27,1
DA:32,1
DA:36,1
LF:10
LH:10
BRDA:6,0,0,7
BRDA:7,1,0,7
BRF:2
BRH:2
end_of_record
TN:
SF:src\models\implementations\mockTask\mockTask.ts
FN:8,(anonymous_0)
FN:13,(anonymous_1)
FN:14,(anonymous_2)
FN:16,(anonymous_3)
FN:27,(anonymous_4)
FN:28,(anonymous_5)
FN:30,(anonymous_6)
FN:50,(anonymous_7)
FN:51,(anonymous_8)
FN:53,(anonymous_9)
FN:65,(anonymous_10)
FN:69,(anonymous_11)
FN:70,(anonymous_12)
FN:77,(anonymous_13)
FN:78,(anonymous_14)
FN:79,(anonymous_15)
FN:91,(anonymous_16)
FN:92,(anonymous_17)
FN:102,(anonymous_18)
FN:103,(anonymous_19)
FN:104,(anonymous_20)
FNF:21
FNH:14
FNDA:1,(anonymous_0)
FNDA:1,(anonymous_1)
FNDA:1,(anonymous_2)
FNDA:2,(anonymous_3)
FNDA:0,(anonymous_4)
FNDA:0,(anonymous_5)
FNDA:0,(anonymous_6)
FNDA:0,(anonymous_7)
FNDA:0,(anonymous_8)
FNDA:0,(anonymous_9)
FNDA:0,(anonymous_10)
FNDA:2,(anonymous_11)
FNDA:2,(anonymous_12)
FNDA:2,(anonymous_13)
FNDA:2,(anonymous_14)
FNDA:3,(anonymous_15)
FNDA:6,(anonymous_16)
FNDA:6,(anonymous_17)
FNDA:5,(anonymous_18)
FNDA:5,(anonymous_19)
FNDA:8,(anonymous_20)
DA:4,1
DA:9,1
DA:10,1
DA:11,1
DA:14,1
DA:15,1
DA:16,2
DA:18,1
DA:19,0
DA:21,1
DA:22,1
DA:28,0
DA:29,0
DA:30,0
DA:33,0
DA:34,0
DA:36,0
DA:37,0
DA:39,0
DA:42,0
DA:51,0
DA:52,0
DA:53,0
DA:55,0
DA:56,0
DA:58,0
DA:59,0
DA:60,0
DA:66,0
DA:70,2
DA:71,2
DA:78,2
DA:79,2
DA:80,3
DA:82,2
DA:83,0
DA:85,2
DA:92,6
DA:93,6
DA:95,6
DA:96,6
DA:97,6
DA:98,6
DA:103,5
DA:104,8
DA:105,5
DA:106,0
DA:108,5
DA:117,1
LF:49
LH:28
BRDA:18,0,0,0
BRDA:18,0,1,1
BRDA:33,1,0,0
BRDA:33,1,1,0
BRDA:36,2,0,0
BRDA:36,2,1,0
BRDA:55,3,0,0
BRDA:55,3,1,0
BRDA:82,4,0,0
BRDA:82,4,1,2
BRDA:105,5,0,0
BRDA:105,5,1,5
BRF:12
BRH:3
end_of_record
TN:
SF:src\services\tasks.service.ts
FN:6,(anonymous_1)
FN:9,(anonymous_2)
FN:12,(anonymous_3)
FN:15,(anonymous_4)
FN:18,(anonymous_5)
FN:21,(anonymous_6)
FN:24,(anonymous_7)
FN:27,(anonymous_8)
FNF:8
FNH:5
FNDA:2,(anonymous_1)
FNDA:2,(anonymous_2)
FNDA:6,(anonymous_3)
FNDA:5,(anonymous_4)
FNDA:1,(anonymous_5)
FNDA:0,(anonymous_6)
FNDA:0,(anonymous_7)
FNDA:0,(anonymous_8)
DA:3,1
DA:7,2
DA:10,2
DA:13,6
DA:16,5
DA:19,1
DA:22,0
DA:25,0
DA:28,0
DA:32,1
LF:10
LH:7
BRF:0
BRH:0
end_of_record
